{"context":"Authentication","email":"buyer1@nextpik.com","event":"login","has2FA":false,"ipAddress":"::1","level":"info","message":"Auth Event: login","rememberMe":false,"timestamp":"2026-04-13T18:57:15.830Z","userId":"cmlxxkl4q0008osnkpagik3ur"}
{"context":"Authentication","email":"admin@nextpik.com","event":"login","has2FA":false,"ipAddress":"::1","level":"info","message":"Auth Event: login","rememberMe":false,"timestamp":"2026-04-13T20:15:32.542Z","userId":"cmlxxkl380000osnkew3as7vy"}
{"context":"Authentication","email":"buyer1@nextpik.com","event":"login","has2FA":false,"ipAddress":"::1","level":"info","message":"Auth Event: login","rememberMe":false,"timestamp":"2026-04-13T20:19:46.879Z","userId":"cmlxxkl4q0008osnkpagik3ur"}
{"context":"Authentication","email":"admin@nextpik.com","event":"login","has2FA":false,"ipAddress":"::1","level":"info","message":"Auth Event: login","rememberMe":false,"timestamp":"2026-04-13T21:06:16.668Z","userId":"cmlxxkl380000osnkew3as7vy"}
{"context":"Authentication","email":"admin@nextpik.com","event":"login","has2FA":false,"ipAddress":"::1","level":"info","message":"Auth Event: login","rememberMe":false,"timestamp":"2026-04-13T21:30:07.752Z","userId":"cmlxxkl380000osnkew3as7vy"}
{"context":"Authentication","email":"settingstest_1776115807@nextpik.com","event":"register","hasStore":false,"ipAddress":"::1","level":"info","message":"Auth Event: register","role":"BUYER","timestamp":"2026-04-13T21:30:08.362Z","userId":"cmnxphsmz0025os6xenp2ykid"}
{"context":"Authentication","email":"settingstest_1776115807@nextpik.com","event":"login","has2FA":false,"ipAddress":"::1","level":"info","message":"Auth Event: login","rememberMe":false,"timestamp":"2026-04-13T21:30:09.099Z","userId":"cmnxphsmz0025os6xenp2ykid"}
{"context":"Authentication","email":"lockout_1776115807@nextpik.com","event":"register","hasStore":false,"ipAddress":"::1","level":"info","message":"Auth Event: register","role":"BUYER","timestamp":"2026-04-13T22:04:05.771Z","userId":"cmnxqpgdd003tos6x8tk45rec"}
{"activity":"Failed login - invalid password","context":"Security","email":"lockout_1776115807@nextpik.com","ipAddress":"::1","level":"warn","message":"Suspicious Activity: Failed login - invalid password","timestamp":"2026-04-13T22:04:06.421Z","userId":"cmnxqpgdd003tos6x8tk45rec"}
{"activity":"Failed login - invalid password","context":"Security","email":"lockout_1776115807@nextpik.com","ipAddress":"::1","level":"warn","message":"Suspicious Activity: Failed login - invalid password","timestamp":"2026-04-13T22:04:06.971Z","userId":"cmnxqpgdd003tos6x8tk45rec"}
{"activity":"Failed login - invalid password","context":"Security","email":"lockout_1776115807@nextpik.com","ipAddress":"::1","level":"warn","message":"Suspicious Activity: Failed login - invalid password","timestamp":"2026-04-13T22:04:07.496Z","userId":"cmnxqpgdd003tos6x8tk45rec"}
{"context":"Authentication","email":"lockout_1776115807@nextpik.com","event":"login","has2FA":false,"ipAddress":"::1","level":"info","message":"Auth Event: login","rememberMe":false,"timestamp":"2026-04-13T22:04:08.110Z","userId":"cmnxqpgdd003tos6x8tk45rec"}
{"context":"Authentication","email":"admin@nextpik.com","event":"login","has2FA":false,"ipAddress":"::1","level":"info","message":"Auth Event: login","rememberMe":false,"timestamp":"2026-04-14T07:39:25.146Z","userId":"cmlxxkl380000osnkew3as7vy"}
{"context":"Authentication","email":"maint_1776152363@nextpik.com","event":"register","hasStore":false,"ipAddress":"::1","level":"info","message":"Auth Event: register","role":"BUYER","timestamp":"2026-04-14T07:39:26.041Z","userId":"cmnyb9cgh0004osiwvwpvzc3s"}
{"context":"Authentication","email":"maint_1776152363@nextpik.com","event":"login","has2FA":false,"ipAddress":"::1","level":"info","message":"Auth Event: login","rememberMe":false,"timestamp":"2026-04-14T07:39:26.526Z","userId":"cmnyb9cgh0004osiwvwpvzc3s"}
{"context":"Authentication","email":"admin@nextpik.com","event":"login","has2FA":false,"ipAddress":"::1","level":"info","message":"Auth Event: login","rememberMe":false,"timestamp":"2026-04-14T08:36:15.819Z","userId":"cmlxxkl380000osnkew3as7vy"}
{"context":"Authentication","email":"locktest_1776155774@nextpik.com","event":"register","hasStore":false,"ipAddress":"::1","level":"info","message":"Auth Event: register","role":"BUYER","timestamp":"2026-04-14T08:36:16.377Z","userId":"cmnydag3w000nosiw2u4xne6r"}
{"activity":"Failed login - invalid password","context":"Security","email":"locktest_1776155774@nextpik.com","ipAddress":"::1","level":"warn","message":"Suspicious Activity: Failed login - invalid password","timestamp":"2026-04-14T08:36:16.664Z","userId":"cmnydag3w000nosiw2u4xne6r"}
{"activity":"Failed login - invalid password","context":"Security","email":"locktest_1776155774@nextpik.com","ipAddress":"::1","level":"warn","message":"Suspicious Activity: Failed login - invalid password","timestamp":"2026-04-14T08:36:17.060Z","userId":"cmnydag3w000nosiw2u4xne6r"}
{"activity":"Failed login - invalid password","context":"Security","email":"locktest_1776155774@nextpik.com","ipAddress":"::1","level":"warn","message":"Suspicious Activity: Failed login - invalid password","timestamp":"2026-04-14T08:36:17.519Z","userId":"cmnydag3w000nosiw2u4xne6r"}
{"context":"Authentication","email":"locktest_1776155774@nextpik.com","event":"login","has2FA":false,"ipAddress":"::1","level":"info","message":"Auth Event: login","rememberMe":false,"timestamp":"2026-04-14T08:36:19.023Z","userId":"cmnydag3w000nosiw2u4xne6r"}
{"context":"Authentication","email":"admin@nextpik.com","event":"login","has2FA":false,"ipAddress":"::1","level":"info","message":"Auth Event: login","rememberMe":false,"timestamp":"2026-04-14T10:07:33.589Z","userId":"cmlxxkl380000osnkew3as7vy"}
{"context":"Authentication","email":"locktest2_1776161252@nextpik.com","event":"register","hasStore":false,"ipAddress":"::1","level":"info","message":"Auth Event: register","role":"BUYER","timestamp":"2026-04-14T10:07:34.653Z","userId":"cmnygjuzw001aosiwkq732uan"}
{"activity":"Failed login - invalid password","context":"Security","email":"locktest2_1776161252@nextpik.com","ipAddress":"::1","level":"warn","message":"Suspicious Activity: Failed login - invalid password","timestamp":"2026-04-14T10:07:35.082Z","userId":"cmnygjuzw001aosiwkq732uan"}
{"activity":"Failed login - invalid password","context":"Security","email":"locktest2_1776161252@nextpik.com","ipAddress":"::1","level":"warn","message":"Suspicious Activity: Failed login - invalid password","timestamp":"2026-04-14T10:07:35.343Z","userId":"cmnygjuzw001aosiwkq732uan"}
{"activity":"Failed login - invalid password","context":"Security","email":"locktest2_1776161252@nextpik.com","ipAddress":"::1","level":"warn","message":"Suspicious Activity: Failed login - invalid password","timestamp":"2026-04-14T10:07:35.610Z","userId":"cmnygjuzw001aosiwkq732uan"}
{"context":"Authentication","email":"locktest2_1776161252@nextpik.com","event":"login","has2FA":false,"ipAddress":"::1","level":"info","message":"Auth Event: login","rememberMe":false,"timestamp":"2026-04-14T10:07:35.899Z","userId":"cmnygjuzw001aosiwkq732uan"}
{"activity":"Failed login - invalid password","context":"Security","email":"admin@nextpik.com","ipAddress":"::1","level":"warn","message":"Suspicious Activity: Failed login - invalid password","timestamp":"2026-04-14T12:09:52.836Z","userId":"cmlxxkl380000osnkew3as7vy"}
{"activity":"Failed login - invalid password","context":"Security","email":"admin@nextpik.com","ipAddress":"::1","level":"warn","message":"Suspicious Activity: Failed login - invalid password","timestamp":"2026-04-14T12:10:29.362Z","userId":"cmlxxkl380000osnkew3as7vy"}
{"activity":"Failed login - invalid password","context":"Security","email":"admin@nextpik.com","ipAddress":"::1","level":"warn","message":"Suspicious Activity: Failed login - invalid password","timestamp":"2026-04-14T12:10:29.730Z","userId":"cmlxxkl380000osnkew3as7vy"}
{"activity":"Failed login - invalid password","context":"Security","email":"admin@nextpik.com","ipAddress":"::1","level":"warn","message":"Suspicious Activity: Failed login - invalid password","timestamp":"2026-04-14T13:12:18.462Z","userId":"cmlxxkl380000osnkew3as7vy"}
{"activity":"Failed login - invalid password","context":"Security","email":"admin@nextpik.com","ipAddress":"::1","level":"warn","message":"Suspicious Activity: Failed login - invalid password","timestamp":"2026-04-14T13:12:19.372Z","userId":"cmlxxkl380000osnkew3as7vy"}
{"activity":"Failed login - invalid password","context":"Security","email":"admin@nextpik.com","ipAddress":"::1","level":"warn","message":"Suspicious Activity: Failed login - invalid password","timestamp":"2026-04-14T13:12:19.900Z","userId":"cmlxxkl380000osnkew3as7vy"}
{"activity":"Failed login - invalid password","context":"Security","email":"admin@nextpik.com","ipAddress":"::1","level":"warn","message":"Suspicious Activity: Failed login - invalid password","timestamp":"2026-04-14T13:12:20.365Z","userId":"cmlxxkl380000osnkew3as7vy"}
{"activity":"Failed login - invalid password","context":"Security","email":"admin@nextpik.com","ipAddress":"::1","level":"warn","message":"Suspicious Activity: Failed login - invalid password","timestamp":"2026-04-14T13:12:20.805Z","userId":"cmlxxkl380000osnkew3as7vy"}
{"activity":"Failed login - invalid password","context":"Security","email":"admin@nextpik.com","ipAddress":"::1","level":"warn","message":"Suspicious Activity: Failed login - invalid password","timestamp":"2026-04-14T13:12:21.384Z","userId":"cmlxxkl380000osnkew3as7vy"}
{"activity":"Failed login - invalid password","context":"Security","email":"admin@nextpik.com","ipAddress":"::1","level":"warn","message":"Suspicious Activity: Failed login - invalid password","timestamp":"2026-04-14T13:12:21.844Z","userId":"cmlxxkl380000osnkew3as7vy"}
{"context":"Authentication","email":"admin@nextpik.com","event":"login","has2FA":false,"ipAddress":"::1","level":"info","message":"Auth Event: login","rememberMe":false,"timestamp":"2026-04-14T13:12:52.223Z","userId":"cmlxxkl380000osnkew3as7vy"}
{"context":"Authentication","email":"fix2test1776180973@test.com","event":"register","hasStore":false,"ipAddress":"::1","level":"info","message":"Auth Event: register","role":"BUYER","timestamp":"2026-04-14T15:36:14.708Z","userId":"cmnysaj64000qosswlc2l2exb"}
{"activity":"Failed login - invalid password","context":"Security","email":"fix2test1776180973@test.com","ipAddress":"::1","level":"warn","message":"Suspicious Activity: Failed login - invalid password","timestamp":"2026-04-14T15:36:29.876Z","userId":"cmnysaj64000qosswlc2l2exb"}
{"activity":"Failed login - invalid password","context":"Security","email":"fix2test1776180973@test.com","ipAddress":"::1","level":"warn","message":"Suspicious Activity: Failed login - invalid password","timestamp":"2026-04-14T15:36:30.495Z","userId":"cmnysaj64000qosswlc2l2exb"}
{"activity":"Failed login - invalid password","context":"Security","email":"fix2test1776180973@test.com","ipAddress":"::1","level":"warn","message":"Suspicious Activity: Failed login - invalid password","timestamp":"2026-04-14T15:36:30.994Z","userId":"cmnysaj64000qosswlc2l2exb"}
{"context":"Authentication","email":"admin@nextpik.com","event":"login","has2FA":false,"ipAddress":"::1","level":"info","message":"Auth Event: login","rememberMe":false,"timestamp":"2026-04-14T20:34:47.711Z","userId":"cmlxxkl380000osnkew3as7vy"}
{"context":"Authentication","email":"admin@nextpik.com","event":"login","has2FA":false,"ipAddress":"::1","level":"info","message":"Auth Event: login","rememberMe":false,"timestamp":"2026-04-14T20:43:19.682Z","userId":"cmlxxkl380000osnkew3as7vy"}
{"context":"Authentication","email":"finaltest1776199512@test.com","event":"register","hasStore":false,"ipAddress":"::1","level":"info","message":"Auth Event: register","role":"BUYER","timestamp":"2026-04-14T20:45:12.393Z","userId":"cmnz3bv2w000goslxyt8kfy5s"}
{"activity":"Failed login - invalid password","context":"Security","email":"finaltest1776199512@test.com","ipAddress":"::1","level":"warn","message":"Suspicious Activity: Failed login - invalid password","timestamp":"2026-04-14T20:45:12.873Z","userId":"cmnz3bv2w000goslxyt8kfy5s"}
{"activity":"Failed login - invalid password","context":"Security","email":"finaltest1776199512@test.com","ipAddress":"::1","level":"warn","message":"Suspicious Activity: Failed login - invalid password","timestamp":"2026-04-14T20:45:13.131Z","userId":"cmnz3bv2w000goslxyt8kfy5s"}
{"activity":"Failed login - invalid password","context":"Security","email":"finaltest1776199512@test.com","ipAddress":"::1","level":"warn","message":"Suspicious Activity: Failed login - invalid password","timestamp":"2026-04-14T20:45:13.391Z","userId":"cmnz3bv2w000goslxyt8kfy5s"}
